[ 1.3817568  -0.07555121]
[0.37555732 1.19310665]
      true value      mean        sd
0 eps        0.0 -0.153549  0.359086
  eta       -0.0 -0.611283  1.116473
1 eps        0.0 -0.182286  0.357056
  eta       -0.5 -1.224339  1.141239
2 eps        0.0 -0.164584  0.361217
  eta       -1.0 -1.673833  1.125358
3 eps        0.5  0.592553  0.362759
  eta       -0.0  0.094145  1.147458
4 eps        0.5  0.596299  0.364182
  eta       -0.5 -0.421087  1.167999
5 eps        0.5  0.579943  0.351428
  eta       -1.0 -1.011725  1.109209
6 eps        1.0  1.387298  0.373013
  eta       -0.0  0.974675  1.169651
7 eps        1.0  1.372322  0.378358
  eta       -0.5  0.397754  1.214481
8 eps        1.0  1.381757  0.375557
  eta       -1.0 -0.075551  1.193107
